<?xml version="1.0" encoding="UTF-8"?>
<!-- Generated by org.testng.reporters.JUnitReportReporter -->
<testsuite hostname="DESKTOP-H0QBEHU" failures="0" tests="2" name="piit.AutomationRiview.Execution" time="0.014" errors="0" timestamp="2023-03-13T21:33:46 CDT" skipped="0">
  <testcase classname="piit.AutomationRiview.Execution" name="Test2" time="0.008"/>
  <system-out/>
  <testcase classname="piit.AutomationRiview.Execution" name="f" time="0.006"/>
  <system-out/>
</testsuite> <!-- piit.AutomationRiview.Execution -->
