<?xml version="1.0" encoding="UTF-8"?>
<!-- Generated by org.testng.reporters.JUnitReportReporter -->
<testsuite hostname="DESKTOP-H0QBEHU" failures="0" tests="2" name="piit.AutomationRiview.browsersd" time="26.482" errors="0" timestamp="2023-03-19T14:33:55 CDT" skipped="0">
  <testcase classname="piit.AutomationRiview.browsersd" name="f" time="14.143"/>
  <system-out/>
  <testcase classname="piit.AutomationRiview.browsersd" name="f" time="12.339"/>
  <system-out/>
</testsuite> <!-- piit.AutomationRiview.browsersd -->
