<?xml version="1.0" encoding="UTF-8"?>
<!-- Generated by org.testng.reporters.JUnitReportReporter -->
<testsuite hostname="DESKTOP-H0QBEHU" failures="0" tests="6" name="piit.AutomationRiview.Signin" time="112.991" errors="0" timestamp="2023-03-19T14:33:55 CDT" skipped="0">
  <testcase classname="piit.AutomationRiview.Signin" name="f" time="43.401"/>
  <system-out/>
  <testcase classname="piit.AutomationRiview.Signin" name="f" time="43.556"/>
  <system-out/>
  <testcase classname="piit.AutomationRiview.Signin" name="TextVerificationMethod" time="6.694"/>
  <system-out/>
  <testcase classname="piit.AutomationRiview.Signin" name="TextVerificationMethod" time="6.527"/>
  <system-out/>
  <testcase classname="piit.AutomationRiview.Signin" name="TextVerificationHomePage" time="6.436"/>
  <system-out/>
  <testcase classname="piit.AutomationRiview.Signin" name="TextVerificationHomePage" time="6.377"/>
  <system-out/>
</testsuite> <!-- piit.AutomationRiview.Signin -->
