<?xml version="1.0" encoding="UTF-8"?>
<!-- Generated by org.testng.reporters.JUnitReportReporter -->
<testsuite hostname="DESKTOP-H0QBEHU" failures="0" tests="3" name="piit.AutomationRiview.Signout" time="32.278" errors="0" timestamp="2023-03-15T19:18:43 CDT" skipped="0">
  <testcase classname="piit.AutomationRiview.Signout" name="f" time="19.358"/>
  <system-out/>
  <testcase classname="piit.AutomationRiview.Signout" name="TextVerificationMethod" time="6.557"/>
  <system-out/>
  <testcase classname="piit.AutomationRiview.Signout" name="TextVerificationHomePage" time="6.363"/>
  <system-out/>
</testsuite> <!-- piit.AutomationRiview.Signout -->
