<?xml version="1.0" encoding="UTF-8"?>
<!-- Generated by org.testng.reporters.JUnitReportReporter -->
<testsuite hostname="DESKTOP-H0QBEHU" failures="0" tests="6" name="piit.AutomationRiview.Signin" time="113.213" errors="0" timestamp="2023-03-22T15:42:57 CDT" skipped="0">
  <testcase classname="piit.AutomationRiview.Signin" name="f" time="43.570"/>
  <system-out/>
  <testcase classname="piit.AutomationRiview.Signin" name="f" time="43.715"/>
  <system-out/>
  <testcase classname="piit.AutomationRiview.Signin" name="TextVerificationMethod" time="6.673"/>
  <system-out/>
  <testcase classname="piit.AutomationRiview.Signin" name="TextVerificationMethod" time="6.484"/>
  <system-out/>
  <testcase classname="piit.AutomationRiview.Signin" name="TextVerificationHomePage" time="6.409"/>
  <system-out/>
  <testcase classname="piit.AutomationRiview.Signin" name="TextVerificationHomePage" time="6.362"/>
  <system-out/>
</testsuite> <!-- piit.AutomationRiview.Signin -->
